  Application.cpp
D:\Projekte\Merlin Geburtstag\Engine\Engine\sprite.h(28,35): warning C4838: Konvertierung von "float" zu "int" erfordert eine einschränkende Konvertierung
D:\Projekte\Merlin Geburtstag\Engine\Engine\sprite.h(28,35): warning C4244: "Initialisierung": Konvertierung von "float" in "int", möglicher Datenverlust
D:\Projekte\Merlin Geburtstag\Engine\Engine\sprite.h(28,46): warning C4838: Konvertierung von "float" zu "int" erfordert eine einschränkende Konvertierung
D:\Projekte\Merlin Geburtstag\Engine\Engine\sprite.h(28,46): warning C4244: "Initialisierung": Konvertierung von "float" in "int", möglicher Datenverlust
D:\Projekte\Merlin Geburtstag\Engine\Engine\sprite.h(28,55): warning C4838: Konvertierung von "size_t" zu "int" erfordert eine einschränkende Konvertierung
D:\Projekte\Merlin Geburtstag\Engine\Engine\sprite.h(28,73): warning C4838: Konvertierung von "size_t" zu "int" erfordert eine einschränkende Konvertierung
D:\Projekte\Merlin Geburtstag\Engine\Engine\sprite.h(38,33): warning C4244: "=": Konvertierung von "size_t" in "float", möglicher Datenverlust
  Character.cpp
D:\Projekte\Merlin Geburtstag\Engine\Engine\sprite.h(28,35): warning C4838: Konvertierung von "float" zu "int" erfordert eine einschränkende Konvertierung
D:\Projekte\Merlin Geburtstag\Engine\Engine\sprite.h(28,35): warning C4244: "Initialisierung": Konvertierung von "float" in "int", möglicher Datenverlust
D:\Projekte\Merlin Geburtstag\Engine\Engine\sprite.h(28,46): warning C4838: Konvertierung von "float" zu "int" erfordert eine einschränkende Konvertierung
D:\Projekte\Merlin Geburtstag\Engine\Engine\sprite.h(28,46): warning C4244: "Initialisierung": Konvertierung von "float" in "int", möglicher Datenverlust
D:\Projekte\Merlin Geburtstag\Engine\Engine\sprite.h(28,55): warning C4838: Konvertierung von "size_t" zu "int" erfordert eine einschränkende Konvertierung
D:\Projekte\Merlin Geburtstag\Engine\Engine\sprite.h(28,73): warning C4838: Konvertierung von "size_t" zu "int" erfordert eine einschränkende Konvertierung
D:\Projekte\Merlin Geburtstag\Engine\Engine\sprite.h(38,33): warning C4244: "=": Konvertierung von "size_t" in "float", möglicher Datenverlust
D:\Projekte\Merlin Geburtstag\Engine\Engine\Character.cpp(55,22): warning C4018: ">=": Konflikt zwischen "signed" und "unsigned"
  exception_handling.cpp
  main.cpp
D:\Projekte\Merlin Geburtstag\Engine\Engine\sprite.h(28,35): warning C4838: Konvertierung von "float" zu "int" erfordert eine einschränkende Konvertierung
D:\Projekte\Merlin Geburtstag\Engine\Engine\sprite.h(28,35): warning C4244: "Initialisierung": Konvertierung von "float" in "int", möglicher Datenverlust
D:\Projekte\Merlin Geburtstag\Engine\Engine\sprite.h(28,46): warning C4838: Konvertierung von "float" zu "int" erfordert eine einschränkende Konvertierung
D:\Projekte\Merlin Geburtstag\Engine\Engine\sprite.h(28,46): warning C4244: "Initialisierung": Konvertierung von "float" in "int", möglicher Datenverlust
D:\Projekte\Merlin Geburtstag\Engine\Engine\sprite.h(28,55): warning C4838: Konvertierung von "size_t" zu "int" erfordert eine einschränkende Konvertierung
D:\Projekte\Merlin Geburtstag\Engine\Engine\sprite.h(28,73): warning C4838: Konvertierung von "size_t" zu "int" erfordert eine einschränkende Konvertierung
D:\Projekte\Merlin Geburtstag\Engine\Engine\sprite.h(38,33): warning C4244: "=": Konvertierung von "size_t" in "float", möglicher Datenverlust
  Setup.cpp
  UI.cpp
  Code wird generiert.
  187 of 266 functions (70.3%) were compiled, the rest were copied from previous compilation.
    22 functions were new in current compilation
    17 functions had inline decision re-evaluated but remain unchanged
  Codegenerierung ist abgeschlossen.
  Engine.vcxproj -> D:\Projekte\Merlin Geburtstag\Engine\Release\Engine.exe
